<?xml version="1.0" encoding="UTF-8"?>
<!-- Generated by org.testng.reporters.JUnitXMLReporter -->
<testsuite ignored="1" hostname="LTIN617746" failures="1" tests="2" name="Test" time="32.285" errors="0" timestamp="2025-07-26T14:24:49 IST">
  <testcase classname="testCases.TC01_AccountRegistrationTest" name="verifyRegistration" time="5.342"/>
  <testcase classname="testCases.TC02_LoginTest" name="verifyLogin" time="11.367">
    <failure type="java.lang.AssertionError" message="expected [true] but found [false]">
      <![CDATA[java.lang.AssertionError: expected [true] but found [false]
at testCases.TC02_LoginTest.verifyLogin(TC02_LoginTest.java:44)
at java.base/java.util.ArrayList.forEach(ArrayList.java:1596)
... Removed 29 stack frames]]>
    </failure>
  </testcase> <!-- verifyLogin -->
  <testcase classname="testCases.TC03_LoginTestDDT" name="verifyLogin" time="0.0">
    <ignored/>
  </testcase> <!-- verifyLogin -->
</testsuite> <!-- Test -->
