<?xml version="1.0" encoding="UTF-8"?>
<!-- Generated by org.testng.reporters.JUnitXMLReporter -->
<testsuite ignored="0" hostname="LTIN617746" failures="1" tests="4" name="Test" time="45.822" errors="0" timestamp="2025-07-28T12:36:09 IST">
  <testcase classname="testCases.TC03_LoginTestDDT" name="verifyLogin" time="2.945"/>
  <testcase classname="testCases.TC03_LoginTestDDT" name="verifyLogin" time="12.336"/>
  <testcase classname="testCases.TC03_LoginTestDDT" name="verifyLogin" time="3.333">
    <failure type="java.lang.AssertionError" message="expected [true] but found [false]">
      <![CDATA[java.lang.AssertionError: expected [true] but found [false]
at testCases.TC03_LoginTestDDT.verifyLogin(TC03_LoginTestDDT.java:52)
at java.base/java.util.ArrayList.forEach(ArrayList.java:1511)
... Removed 35 stack frames]]>
    </failure>
  </testcase> <!-- verifyLogin -->
  <testcase classname="testCases.TC03_LoginTestDDT" name="verifyLogin" time="12.445"/>
</testsuite> <!-- Test -->
