<?xml version="1.0" encoding="UTF-8"?>
<testng-results ignored="0" total="1" passed="1" failed="0" skipped="0">
  <reporter-output>
  </reporter-output>
  <suite started-at="2025-07-26T23:12:01 IST" name="Failed suite [Suite]" finished-at="2025-07-26T23:12:26 IST" duration-ms="24124">
    <groups>
      <group name="Master">
        <method signature="TC02_LoginTest.verifyLogin()[pri:0, instance:testCases.TC02_LoginTest@7a8c8dcf]" name="verifyLogin" class="testCases.TC02_LoginTest"/>
      </group> <!-- Master -->
      <group name="Sanity">
        <method signature="TC02_LoginTest.verifyLogin()[pri:0, instance:testCases.TC02_LoginTest@7a8c8dcf]" name="verifyLogin" class="testCases.TC02_LoginTest"/>
      </group> <!-- Sanity -->
    </groups>
    <test started-at="2025-07-26T23:12:01 IST" name="Test(failed)" finished-at="2025-07-26T23:12:26 IST" duration-ms="24124">
      <class name="testCases.TC02_LoginTest">
        <test-method is-config="true" signature="setupDriver(java.lang.String,java.lang.String)[pri:0, instance:testCases.TC02_LoginTest@7a8c8dcf]" started-at="2025-07-26T23:12:02 IST" name="setupDriver" finished-at="2025-07-26T23:12:19 IST" duration-ms="16816" status="PASS">
          <params>
            <param index="0">
              <value>
                <![CDATA[chrome]]>
              </value>
            </param>
            <param index="1">
              <value>
                <![CDATA[window]]>
              </value>
            </param>
          </params>
          <reporter-output>
          </reporter-output>
        </test-method> <!-- setupDriver -->
        <test-method signature="verifyLogin()[pri:0, instance:testCases.TC02_LoginTest@7a8c8dcf]" started-at="2025-07-26T23:12:19 IST" name="verifyLogin" finished-at="2025-07-26T23:12:22 IST" duration-ms="2429" status="PASS">
          <reporter-output>
          </reporter-output>
        </test-method> <!-- verifyLogin -->
        <test-method is-config="true" signature="tearDown()[pri:0, instance:testCases.TC02_LoginTest@7a8c8dcf]" started-at="2025-07-26T23:12:22 IST" name="tearDown" finished-at="2025-07-26T23:12:26 IST" duration-ms="4003" status="PASS">
          <reporter-output>
          </reporter-output>
        </test-method> <!-- tearDown -->
      </class> <!-- testCases.TC02_LoginTest -->
    </test> <!-- Test(failed) -->
  </suite> <!-- Failed suite [Suite] -->
</testng-results>
